{"/Users/jhussain/music-library/src/MusicApp.tsx": {"path":"/Users/jhussain/music-library/src/MusicApp.tsx","statementMap":{"0":{"start":{"line":1,"column":0},"end":{"line":1,"column":67}},"1":{"start":{"line":2,"column":0},"end":{"line":2,"column":null}},"2":{"start":{"line":12,"column":0},"end":{"line":12,"column":35}},"3":{"start":{"line":13,"column":0},"end":{"line":13,"column":46}},"4":{"start":{"line":19,"column":0},"end":{"line":19,"column":36}},"5":{"start":{"line":21,"column":26},"end":{"line":26,"column":2}},"6":{"start":{"line":35,"column":18},"end":{"line":36,"column":null}},"7":{"start":{"line":39,"column":2},"end":{"line":41,"column":3}},"8":{"start":{"line":40,"column":4},"end":{"line":40,"column":33}},"9":{"start":{"line":43,"column":28},"end":{"line":47,"column":4}},"10":{"start":{"line":44,"column":4},"end":{"line":46,"column":19}},"11":{"start":{"line":48,"column":30},"end":{"line":48,"column":50}},"12":{"start":{"line":50,"column":4},"end":{"line":50,"column":28}},"13":{"start":{"line":51,"column":39},"end":{"line":51,"column":54}},"14":{"start":{"line":52,"column":26},"end":{"line":52,"column":55}},"15":{"start":{"line":55,"column":4},"end":{"line":55,"column":35}},"16":{"start":{"line":59,"column":4},"end":{"line":62,"column":7}},"17":{"start":{"line":60,"column":6},"end":{"line":60,"column":48}},"18":{"start":{"line":61,"column":6},"end":{"line":61,"column":34}},"19":{"start":{"line":64,"column":4},"end":{"line":64,"column":35}},"20":{"start":{"line":68,"column":4},"end":{"line":72,"column":7}},"21":{"start":{"line":69,"column":20},"end":{"line":69,"column":62}},"22":{"start":{"line":69,"column":47},"end":{"line":69,"column":61}},"23":{"start":{"line":70,"column":6},"end":{"line":70,"column":33}},"24":{"start":{"line":71,"column":6},"end":{"line":71,"column":19}},"25":{"start":{"line":76,"column":4},"end":{"line":76,"column":30}},"26":{"start":{"line":77,"column":4},"end":{"line":87,"column":7}},"27":{"start":{"line":78,"column":6},"end":{"line":86,"column":8}},"28":{"start":{"line":80,"column":10},"end":{"line":84,"column":12}},"29":{"start":{"line":91,"column":17},"end":{"line":96,"column":6}},"30":{"start":{"line":92,"column":6},"end":{"line":94,"column":7}},"31":{"start":{"line":93,"column":8},"end":{"line":93,"column":48}},"32":{"start":{"line":95,"column":6},"end":{"line":95,"column":15}},"33":{"start":{"line":97,"column":4},"end":{"line":97,"column":24}},"34":{"start":{"line":101,"column":4},"end":{"line":101,"column":57}},"35":{"start":{"line":104,"column":2},"end":{"line":106,"column":9}},"36":{"start":{"line":105,"column":4},"end":{"line":105,"column":57}},"37":{"start":{"line":108,"column":2},"end":{"line":189,"column":4}},"38":{"start":{"line":121,"column":20},"end":{"line":121,"column":50}},"39":{"start":{"line":146,"column":18},"end":{"line":146,"column":32}},"40":{"start":{"line":147,"column":18},"end":{"line":147,"column":37}},"41":{"start":{"line":148,"column":18},"end":{"line":148,"column":31}},"42":{"start":{"line":173,"column":16},"end":{"line":173,"column":35}},"43":{"start":{"line":197,"column":19},"end":{"line":197,"column":49}},"44":{"start":{"line":198,"column":20},"end":{"line":198,"column":50}},"45":{"start":{"line":199,"column":19},"end":{"line":199,"column":49}},"46":{"start":{"line":202,"column":4},"end":{"line":202,"column":23}},"47":{"start":{"line":203,"column":20},"end":{"line":208,"column":6}},"48":{"start":{"line":209,"column":4},"end":{"line":209,"column":19}},"49":{"start":{"line":210,"column":4},"end":{"line":210,"column":18}},"50":{"start":{"line":213,"column":2},"end":{"line":250,"column":4}},"51":{"start":{"line":253,"column":0},"end":{"line":253,"column":24}}},"fnMap":{"0":{"name":"MusicApp","decl":{"start":{"line":28,"column":9},"end":{"line":28,"column":17}},"loc":{"start":{"line":34,"column":1},"end":{"line":190,"column":1}}},"1":{"name":"(anonymous_2)","decl":{"start":{"line":43,"column":50},"end":{"line":43,"column":53}},"loc":{"start":{"line":43,"column":55},"end":{"line":47,"column":3}}},"2":{"name":"handleClose","decl":{"start":{"line":54,"column":11},"end":{"line":54,"column":22}},"loc":{"start":{"line":54,"column":22},"end":{"line":56,"column":3}}},"3":{"name":"onAdd","decl":{"start":{"line":58,"column":11},"end":{"line":58,"column":16}},"loc":{"start":{"line":58,"column":32},"end":{"line":65,"column":3}}},"4":{"name":"(anonymous_5)","decl":{"start":{"line":59,"column":13},"end":{"line":59,"column":14}},"loc":{"start":{"line":59,"column":27},"end":{"line":62,"column":5}}},"5":{"name":"onDelete","decl":{"start":{"line":67,"column":11},"end":{"line":67,"column":19}},"loc":{"start":{"line":67,"column":30},"end":{"line":73,"column":3}}},"6":{"name":"(anonymous_7)","decl":{"start":{"line":68,"column":13},"end":{"line":68,"column":14}},"loc":{"start":{"line":68,"column":27},"end":{"line":72,"column":5}}},"7":{"name":"(anonymous_8)","decl":{"start":{"line":69,"column":37},"end":{"line":69,"column":38}},"loc":{"start":{"line":69,"column":47},"end":{"line":69,"column":61}}},"8":{"name":"onFilterChange","decl":{"start":{"line":75,"column":11},"end":{"line":75,"column":25}},"loc":{"start":{"line":75,"column":64},"end":{"line":88,"column":3}}},"9":{"name":"(anonymous_10)","decl":{"start":{"line":77,"column":20},"end":{"line":77,"column":23}},"loc":{"start":{"line":77,"column":25},"end":{"line":87,"column":5}}},"10":{"name":"(anonymous_11)","decl":{"start":{"line":79,"column":58},"end":{"line":79,"column":59}},"loc":{"start":{"line":79,"column":78},"end":{"line":85,"column":9}}},"11":{"name":"sortBy","decl":{"start":{"line":90,"column":11},"end":{"line":90,"column":17}},"loc":{"start":{"line":90,"column":31},"end":{"line":98,"column":3}}},"12":{"name":"(anonymous_13)","decl":{"start":{"line":91,"column":28},"end":{"line":91,"column":29}},"loc":{"start":{"line":91,"column":37},"end":{"line":96,"column":5}}},"13":{"name":"storeInLocalStorage","decl":{"start":{"line":100,"column":11},"end":{"line":100,"column":30}},"loc":{"start":{"line":100,"column":49},"end":{"line":102,"column":3}}},"14":{"name":"(anonymous_15)","decl":{"start":{"line":104,"column":12},"end":{"line":104,"column":15}},"loc":{"start":{"line":104,"column":17},"end":{"line":106,"column":3}}},"15":{"name":"(anonymous_16)","decl":{"start":{"line":120,"column":27},"end":{"line":120,"column":30}},"loc":{"start":{"line":120,"column":32},"end":{"line":122,"column":19}}},"16":{"name":"(anonymous_17)","decl":{"start":{"line":145,"column":26},"end":{"line":145,"column":27}},"loc":{"start":{"line":145,"column":37},"end":{"line":149,"column":17}}},"17":{"name":"(anonymous_18)","decl":{"start":{"line":172,"column":24},"end":{"line":172,"column":25}},"loc":{"start":{"line":173,"column":16},"end":{"line":173,"column":35}}},"18":{"name":"CreateMusicModal","decl":{"start":{"line":192,"column":9},"end":{"line":192,"column":25}},"loc":{"start":{"line":196,"column":24},"end":{"line":251,"column":1}}},"19":{"name":"onSubmitHandler","decl":{"start":{"line":201,"column":11},"end":{"line":201,"column":26}},"loc":{"start":{"line":201,"column":62},"end":{"line":211,"column":3}}}},"branchMap":{"0":{"loc":{"start":{"line":39,"column":2},"end":{"line":41,"column":3}},"type":"if","locations":[{"start":{"line":39,"column":2},"end":{"line":41,"column":3}}]},"1":{"loc":{"start":{"line":39,"column":6},"end":{"line":39,"column":21}},"type":"binary-expr","locations":[{"start":{"line":39,"column":6},"end":{"line":39,"column":11}},{"start":{"line":39,"column":15},"end":{"line":39,"column":21}}]},"2":{"loc":{"start":{"line":44,"column":11},"end":{"line":46,"column":18}},"type":"cond-expr","locations":[{"start":{"line":45,"column":8},"end":{"line":45,"column":50}},{"start":{"line":46,"column":8},"end":{"line":46,"column":18}}]},"3":{"loc":{"start":{"line":81,"column":12},"end":{"line":83,"column":75}},"type":"binary-expr","locations":[{"start":{"line":81,"column":12},"end":{"line":81,"column":75}},{"start":{"line":82,"column":12},"end":{"line":82,"column":76}},{"start":{"line":83,"column":12},"end":{"line":83,"column":75}}]},"4":{"loc":{"start":{"line":92,"column":6},"end":{"line":94,"column":7}},"type":"if","locations":[{"start":{"line":92,"column":6},"end":{"line":94,"column":7}}]},"5":{"loc":{"start":{"line":92,"column":10},"end":{"line":92,"column":70}},"type":"binary-expr","locations":[{"start":{"line":92,"column":10},"end":{"line":92,"column":27}},{"start":{"line":92,"column":31},"end":{"line":92,"column":49}},{"start":{"line":92,"column":53},"end":{"line":92,"column":70}}]},"6":{"loc":{"start":{"line":115,"column":11},"end":{"line":127,"column":null}},"type":"binary-expr","locations":[{"start":{"line":115,"column":11},"end":{"line":115,"column":30}},{"start":{"line":116,"column":12},"end":{"line":126,"column":null}}]},"7":{"loc":{"start":{"line":170,"column":11},"end":{"line":180,"column":16}},"type":"cond-expr","locations":[{"start":{"line":171,"column":14},"end":{"line":171,"column":23}},{"start":{"line":172,"column":14},"end":{"line":180,"column":16}}]}},"s":{"0":1,"1":1,"2":1,"3":1,"4":1,"5":1,"6":18,"7":18,"8":17,"9":18,"10":6,"11":18,"12":18,"13":18,"14":18,"15":2,"16":1,"17":1,"18":1,"19":1,"20":1,"21":1,"22":16,"23":1,"24":1,"25":3,"26":3,"27":3,"28":48,"29":0,"30":0,"31":0,"32":0,"33":0,"34":2,"35":18,"36":6,"37":18,"38":3,"39":0,"40":0,"41":0,"42":183,"43":18,"44":18,"45":18,"46":1,"47":1,"48":1,"49":1,"50":18,"51":1},"f":{"0":18,"1":6,"2":2,"3":1,"4":1,"5":1,"6":1,"7":16,"8":3,"9":3,"10":48,"11":0,"12":0,"13":2,"14":6,"15":3,"16":0,"17":183,"18":18,"19":1},"b":{"0":[17],"1":[18,17],"2":[5,1],"3":[48,48,48],"4":[0],"5":[0,0,0],"6":[18,17],"7":[3,15]}}
,"/Users/jhussain/music-library/src/MusicCard.tsx": {"path":"/Users/jhussain/music-library/src/MusicCard.tsx","statementMap":{"0":{"start":{"line":10,"column":0},"end":{"line":10,"column":24}},"1":{"start":{"line":1,"column":0},"end":{"line":1,"column":54}},"2":{"start":{"line":15,"column":2},"end":{"line":49,"column":4}},"3":{"start":{"line":32,"column":18},"end":{"line":32,"column":36}}},"fnMap":{"0":{"name":"MusicCard","decl":{"start":{"line":10,"column":24},"end":{"line":10,"column":33}},"loc":{"start":{"line":14,"column":17},"end":{"line":50,"column":1}}},"1":{"name":"(anonymous_1)","decl":{"start":{"line":31,"column":25},"end":{"line":31,"column":28}},"loc":{"start":{"line":31,"column":30},"end":{"line":33,"column":17}}}},"branchMap":{"0":{"loc":{"start":{"line":27,"column":13},"end":{"line":37,"column":null}},"type":"binary-expr","locations":[{"start":{"line":27,"column":13},"end":{"line":27,"column":32}},{"start":{"line":28,"column":14},"end":{"line":34,"column":null}}]}},"s":{"0":1,"1":1,"2":183,"3":1},"f":{"0":183,"1":1},"b":{"0":[183,168]}}
,"/Users/jhussain/music-library/test/mocks/fileMock.ts": {"path":"/Users/jhussain/music-library/test/mocks/fileMock.ts","statementMap":{"0":{"start":{"line":1,"column":0},"end":{"line":4,"column":2}}},"fnMap":{},"branchMap":{},"s":{"0":1},"f":{},"b":{}}
}
