TN:
SF:src/MusicApp.tsx
FN:28,MusicApp
FN:43,(anonymous_2)
FN:54,handleClose
FN:58,onAdd
FN:59,(anonymous_5)
FN:67,onDelete
FN:68,(anonymous_7)
FN:69,(anonymous_8)
FN:75,onFilterChange
FN:77,(anonymous_10)
FN:79,(anonymous_11)
FN:90,sortBy
FN:91,(anonymous_13)
FN:100,storeInLocalStorage
FN:104,(anonymous_15)
FN:120,(anonymous_16)
FN:145,(anonymous_17)
FN:172,(anonymous_18)
FN:192,CreateMusicModal
FN:201,onSubmitHandler
FNF:20
FNH:17
FNDA:18,MusicApp
FNDA:6,(anonymous_2)
FNDA:2,handleClose
FNDA:1,onAdd
FNDA:1,(anonymous_5)
FNDA:1,onDelete
FNDA:1,(anonymous_7)
FNDA:16,(anonymous_8)
FNDA:3,onFilterChange
FNDA:3,(anonymous_10)
FNDA:48,(anonymous_11)
FNDA:0,sortBy
FNDA:0,(anonymous_13)
FNDA:2,storeInLocalStorage
FNDA:6,(anonymous_15)
FNDA:3,(anonymous_16)
FNDA:0,(anonymous_17)
FNDA:183,(anonymous_18)
FNDA:18,CreateMusicModal
FNDA:1,onSubmitHandler
DA:1,1
DA:2,1
DA:12,1
DA:13,1
DA:19,1
DA:21,1
DA:35,18
DA:39,18
DA:40,17
DA:43,18
DA:44,6
DA:48,18
DA:50,18
DA:51,18
DA:52,18
DA:55,2
DA:59,1
DA:60,1
DA:61,1
DA:64,1
DA:68,1
DA:69,16
DA:70,1
DA:71,1
DA:76,3
DA:77,3
DA:78,3
DA:80,48
DA:91,0
DA:92,0
DA:93,0
DA:95,0
DA:97,0
DA:101,2
DA:104,18
DA:105,6
DA:108,18
DA:121,3
DA:146,0
DA:147,0
DA:148,0
DA:173,183
DA:197,18
DA:198,18
DA:199,18
DA:202,1
DA:203,1
DA:209,1
DA:210,1
DA:213,18
DA:253,1
LF:51
LH:43
BRDA:39,0,0,17
BRDA:39,1,0,18
BRDA:39,1,1,17
BRDA:44,2,0,5
BRDA:44,2,1,1
BRDA:81,3,0,48
BRDA:81,3,1,48
BRDA:81,3,2,48
BRDA:92,4,0,0
BRDA:92,5,0,0
BRDA:92,5,1,0
BRDA:92,5,2,0
BRDA:115,6,0,18
BRDA:115,6,1,17
BRDA:170,7,0,3
BRDA:170,7,1,15
BRF:16
BRH:12
end_of_record
TN:
SF:src/MusicCard.tsx
FN:10,MusicCard
FN:31,(anonymous_1)
FNF:2
FNH:2
FNDA:183,MusicCard
FNDA:1,(anonymous_1)
DA:1,1
DA:10,1
DA:15,183
DA:32,1
LF:4
LH:4
BRDA:27,0,0,183
BRDA:27,0,1,168
BRF:2
BRH:2
end_of_record
TN:
SF:test/mocks/fileMock.ts
FNF:0
FNH:0
DA:1,1
LF:1
LH:1
BRF:0
BRH:0
end_of_record
